<?xml version="1.0" encoding="UTF-8"?>
<sample-details>
  <sampleid>04d64b45-9747-4947-ba63-be9d02800bfd</sampleid>
  <created>2018-02-18 11:50:56.875</created>
  <sampletype>serum</sampletype>
<accessions>
  <accession>
    <property name="sampleid">04d64b45-9747-4947-ba63-be9d02800bfd</property>
    <property name="accession">K422621</property>
    <property name="acctype">primary</property>
    <property name="item">accession</property>
    <property name="trackid">-8985005126201665109</property>
    <property name="class">class com.emd.simbiom.model.Accession</property>
    <property name="orgid">1076794399835004400</property>
    <organization>
      <property name="orgtype">central laboratory</property>
      <property name="countryid">0</property>
      <property name="class">class com.emd.simbiom.model.Organization</property>
      <property name="orgname">Covance</property>
<property name="orgid">1076794399835004400</property>
</organization>
</accession>
</accessions>
<studies>
  <study>
    <property name="started">2015-05-15 18:17:37.0</property>
    <property name="expire">2025-05-12 18:17:37.0</property>
    <property name="studyname">EMR62242-004</property>
    <property name="class">class com.emd.simbiom.model.Study</property>
    <property name="studyid">-250964784920164086</property>
    <subject>
      <property name="usubjid">006224200402021013</property>
      <property name="orgid">7061981530688200401</property>
      <property name="ethnicity">White (Eastern Europe)</property>
      <property name="studyid">-250964784920164086</property>
      <property name="subjectid">02021013</property>
      <property name="class">class com.emd.simbiom.model.Subject</property>
      <property name="taxon">9606</property>
      <property name="propertyid">6107826317487293941</property>
      <property name="attributes">[]</property>
<property name="enrolled">2012-01-10 00:00:00.0</property>
<property name="donorid">-4039730235471155310</property>
<property name="properties">[Lcom.emd.simbiom.model.Property;@16a1b440</property>
<property name="gender">M</property>
<property name="age">65</property>
<property name="species">human</property>
<subject-attr><property name="valueid">-6328579911272416537</property>
<property name="trackid">6563999446668405949</property>
<property name="numvalue">0.0</property>
<property name="digits">0</property>
<property name="propertyname">group</property>
<property name="class">class com.emd.simbiom.model.Property</property>
<property name="parentid">0</property>
<property name="maxoccurs">0</property>
<property name="minoccurs">0</property>
<property name="propertyid">6107826317487293941</property>
<property name="typename">string</property>
<property name="charvalue">EMD525797 1000 mg q2w</property>
<property name="columnsize">0</property>
<property name="label">group</property>
<property name="typeid">4</property>
<property name="columnid">0</property>
<property name="item">property</property>
</subject-attr>
<subject-attr><property name="valueid">5314011692055505182</property>
<property name="trackid">-2655474845049170177</property>
<property name="numvalue">0.0</property>
<property name="digits">0</property>
<property name="propertyname">Grade</property>
<property name="class">class com.emd.simbiom.model.Property</property>
<property name="parentid">0</property>
<property name="maxoccurs">0</property>
<property name="minoccurs">0</property>
<property name="propertyid">1184124953754662232</property>
<property name="typename">string</property>
<property name="charvalue">Well differentiated</property>
<property name="columnsize">0</property>
<property name="label">Grade</property>
<property name="typeid">4</property>
<property name="columnid">0</property>
<property name="item">property</property>
</subject-attr>
<subject-attr><property name="valueid">-6918881696783343322</property>
<property name="trackid">-6736785049493556019</property>
<property name="numvalue">0.0</property>
<property name="digits">0</property>
<property name="propertyname">First diagnosed</property>
<property name="class">class com.emd.simbiom.model.Property</property>
<property name="parentid">0</property>
<property name="maxoccurs">0</property>
<property name="minoccurs">0</property>
<property name="propertyid">-2984994673673370172</property>
<property name="typename">string</property>
<property name="charvalue">2011-04-28</property>
<property name="columnsize">0</property>
<property name="label">First diagnosed</property>
<property name="typeid">4</property>
<property name="columnid">0</property>
<property name="item">property</property>
</subject-attr>
<subject-attr><property name="valueid">6505112089232472564</property>
<property name="trackid">-8180626420541283289</property>
<property name="numvalue">0.0</property>
<property name="digits">0</property>
<property name="propertyname">Histology</property>
<property name="class">class com.emd.simbiom.model.Property</property>
<property name="parentid">0</property>
<property name="maxoccurs">0</property>
<property name="minoccurs">0</property>
<property name="propertyid">-9157808947927177570</property>
<property name="typename">string</property>
<property name="charvalue">Adenocarcinoma</property>
<property name="columnsize">0</property>
<property name="label">Histology</property>
<property name="typeid">4</property>
<property name="columnid">0</property>
<property name="item">property</property>
</subject-attr>
<subject-attr><property name="valueid">3466486399621122947</property>
<property name="trackid">-1834211633665311569</property>
<property name="numvalue">0.0</property>
<property name="digits">0</property>
<property name="propertyname">Primary tumor localization</property>
<property name="class">class com.emd.simbiom.model.Property</property>
<property name="parentid">0</property>
<property name="maxoccurs">0</property>
<property name="minoccurs">0</property>
<property name="propertyid">3529583903843368510</property>
<property name="typename">string</property>
<property name="charvalue">Rectosigmoid junction</property>
<property name="columnsize">0</property>
<property name="label">Primary tumor localization</property>
<property name="typeid">4</property>
<property name="columnid">0</property>
<property name="item">property</property>
</subject-attr>
<subject-attr><property name="valueid">1342667644076116543</property>
<property name="trackid">6629495585007157949</property>
<property name="numvalue">0.0</property>
<property name="digits">0</property>
<property name="propertyname">TNM stage</property>
<property name="class">class com.emd.simbiom.model.Property</property>
<property name="parentid">0</property>
<property name="maxoccurs">0</property>
<property name="minoccurs">0</property>
<property name="propertyid">-3092224264195987459</property>
<property name="typename">string</property>
<property name="charvalue">T3N2M1</property>
<property name="columnsize">0</property>
<property name="label">TNM stage</property>
<property name="typeid">4</property>
<property name="columnid">0</property>
<property name="item">property</property>
</subject-attr>
<subject-attr><property name="valueid">-8704328821143784047</property>
<property name="trackid">6133319015092112018</property>
<property name="numvalue">0.0</property>
<property name="digits">0</property>
<property name="propertyname">Metastasis</property>
<property name="class">class com.emd.simbiom.model.Property</property>
<property name="parentid">0</property>
<property name="maxoccurs">0</property>
<property name="minoccurs">0</property>
<property name="propertyid">8783106376650161576</property>
<property name="typename">string</property>
<property name="charvalue">Liver</property>
<property name="columnsize">0</property>
          <property name="label">Metastasis</property>
          <property name="typeid">4</property>
          <property name="columnid">0</property>
          <property name="item">property</property>
        </subject-attr>
      </subject>
    </study>
  </studies>
  <compliance>
    <studylevel><property name="restrictionRule">SRWPGX</property>
      <property name="numvalue">0.0</property>
      <property name="orgid">0</property>
      <property name="study">EMR62242-004</property>
      <property name="restrictid">6869461426749393606</property>
      <property name="studyid">-250964784920164086</property>
      <property name="class">class com.emd.simbiom.model.Restriction</property>
      <property name="propertyid">-589463281106433967</property>
      <property name="applyid">-9085246642077604431</property>
      <property name="property">Destroy samples</property>
      <rule>
        <property name="restrictid">6869461426749393606</property>
        <property name="propertyname">samplewithdraw</property>
        <property name="restriction">PGx Sample Retention after Withdrawal</property>
        <property name="class">class com.emd.simbiom.model.RestrictionRule</property>
        <property name="parentid">-3545332105483426815</property>
        <property name="propertyid">3791852163923073085</property>
        <property name="datatype"></property>
        <property name="typename">string</property>
        <property name="rule">SRWPGX</property>
        <property name="label">samplewithdraw</property>
        <property name="typeid">4</property>
        <property name="choices">[Ljava.lang.String;@39c30b22</property>
      </rule>
    </studylevel>
    <studylevel>
      <property name="restrictionRule">ASU</property>
      <property name="numvalue">0.0</property>
<property name="orgid">0</property>
<property name="study">EMR62242-004</property>
<property name="restrictid">-213880582346021794</property>
<property name="studyid">-250964784920164086</property>
<property name="class">class com.emd.simbiom.model.Restriction</property>
<property name="propertyid">1830940188288147557</property>
<property name="applyid">-9060903878104021215</property>
<property name="property">No</property>
<rule><property name="restrictid">-213880582346021794</property>
<property name="propertyname">YN</property>
<property name="restriction">Anonymised Sample Use included in ICF</property>
<property name="class">class com.emd.simbiom.model.RestrictionRule</property>
<property name="parentid">-9154768786849866307</property>
<property name="propertyid">4509118825498845635</property>
<property name="datatype"></property>
<property name="typename">string</property>
<property name="rule">ASU</property>
<property name="label">YN</property>
<property name="typeid">4</property>
<property name="choices">[Ljava.lang.String;@7d88114e</property>
</rule>
</studylevel>
<studylevel><property name="restrictionRule">SRW</property>
<property name="numvalue">0.0</property>
<property name="orgid">0</property>
<property name="study">EMR62242-004</property>
<property name="restrictid">-6703635200236545639</property>
<property name="studyid">-250964784920164086</property>
<property name="class">class com.emd.simbiom.model.Restriction</property>
<property name="propertyid">-589463281106433967</property>
<property name="applyid">-8907403032693836243</property>
<property name="property">Destroy samples</property>
<rule><property name="restrictid">-6703635200236545639</property>
<property name="propertyname">samplewithdraw</property>
<property name="restriction">Sample Retention after Withdrawal</property>
<property name="class">class com.emd.simbiom.model.RestrictionRule</property>
<property name="parentid">-3545332105483426815</property>
<property name="propertyid">3791852163923073085</property>
<property name="datatype"></property>
<property name="typename">string</property>
<property name="rule">SRW</property>
<property name="label">samplewithdraw</property>
<property name="typeid">4</property>
<property name="choices">[Ljava.lang.String;@465d3f8f</property>
</rule>
</studylevel>
<studylevel><property name="restrictionRule">FU-[SD]PGX</property>
<property name="numvalue">0.0</property>
<property name="orgid">0</property>
<property name="study">EMR62242-004</property>
<property name="restrictid">-1856854943822787950</property>
<property name="studyid">-250964784920164086</property>
<property name="class">class com.emd.simbiom.model.Restriction</property>
<property name="propertyid">-6690595282354245665</property>
<property name="applyid">-8775542219765288620</property>
<property name="property">Yes</property>
<rule><property name="restrictid">-1856854943822787950</property>
<property name="propertyname">YN</property>
<property name="restriction">Future Use of PGx sample limitted to Study Drug</property>
<property name="class">class com.emd.simbiom.model.RestrictionRule</property>
<property name="parentid">-9154768786849866307</property>
<property name="propertyid">4509118825498845635</property>
<property name="datatype"></property>
<property name="typename">string</property>
<property name="rule">FU-[SD]PGX</property>
<property name="label">YN</property>
<property name="typeid">4</property>
<property name="choices">[Ljava.lang.String;@4951e43</property>
</rule>
</studylevel>
<studylevel><property name="restrictionRule">FUPGX</property>
<property name="numvalue">0.0</property>
<property name="orgid">0</property>
<property name="study">EMR62242-004</property>
<property name="restrictid">-2297504712959436349</property>
<property name="studyid">-250964784920164086</property>
<property name="class">class com.emd.simbiom.model.Restriction</property>
<property name="propertyid">-6690595282354245665</property>
<property name="applyid">-7600598447736701047</property>
<property name="property">Yes</property>
<rule><property name="restrictid">-2297504712959436349</property>
<property name="propertyname">YN</property>
<property name="restriction">PGx samples retained for Future Use</property>
<property name="class">class com.emd.simbiom.model.RestrictionRule</property>
<property name="parentid">-9154768786849866307</property>
<property name="propertyid">4509118825498845635</property>
<property name="datatype"></property>
<property name="typename">string</property>
<property name="rule">FUPGX</property>
<property name="label">YN</property>
<property name="typeid">4</property>
<property name="choices">[Ljava.lang.String;@25ae8fe8</property>
</rule>
</studylevel>
<studylevel><property name="restrictionRule">FURA</property>
<property name="numvalue">0.0</property>
<property name="orgid">0</property>
<property name="study">EMR62242-004</property>
<property name="restrictid">-9038063425885813277</property>
<property name="studyid">-250964784920164086</property>
<property name="class">class com.emd.simbiom.model.Restriction</property>
<property name="propertyid">-3207247312012844351</property>
<property name="applyid">-6756260313346374351</property>
<property name="property">Not specified</property>
<rule><property name="restrictid">-9038063425885813277</property>
<property name="propertyname">YNns</property>
<property name="restriction">Future Use allows Re-Analysis</property>
<property name="class">class com.emd.simbiom.model.RestrictionRule</property>
<property name="parentid">-8574324100387209416</property>
<property name="propertyid">6871065817298318844</property>
<property name="datatype"></property>
<property name="typename">string</property>
<property name="rule">FURA</property>
<property name="label">YNns</property>
<property name="typeid">4</property>
<property name="choices">[Ljava.lang.String;@1891e872</property>
</rule>
</studylevel>
<studylevel><property name="restrictionRule">SD</property>
<property name="numvalue">0.0</property>
<property name="orgid">0</property>
<property name="study">EMR62242-004</property>
<property name="restrictid">8220188082542232944</property>
<property name="studyid">-250964784920164086</property>
<property name="class">class com.emd.simbiom.model.Restriction</property>
<property name="propertyid">8240070721726698407</property>
<property name="applyid">-5464419439956812954</property>
<property name="property">12</property>
<rule><property name="restrictid">8220188082542232944</property>
<property name="propertyname">storageduration</property>
<property name="restriction">Storage Duration</property>
<property name="class">class com.emd.simbiom.model.RestrictionRule</property>
<property name="parentid">8896972971633648738</property>
<property name="propertyid">-3714063106774597824</property>
<property name="datatype"></property>
<property name="typename">number</property>
<property name="rule">SD</property>
<property name="label">storageduration</property>
<property name="typeid">2</property>
<property name="choices">[Ljava.lang.String;@379f0da8</property>
</rule>
</studylevel>
<studylevel><property name="restrictionRule">DRWPGX</property>
<property name="numvalue">0.0</property>
<property name="orgid">0</property>
<property name="study">EMR62242-004</property>
<property name="restrictid">-2492973775885741732</property>
<property name="studyid">-250964784920164086</property>
<property name="class">class com.emd.simbiom.model.Restriction</property>
<property name="propertyid">1365698044989111944</property>
<property name="applyid">-5385455115585799991</property>
<property name="property">Destroy data</property>
<rule><property name="restrictid">-2492973775885741732</property>
<property name="propertyname">datawithdraw</property>
<property name="restriction">PGx Data Retention after Withdrawal</property>
<property name="class">class com.emd.simbiom.model.RestrictionRule</property>
<property name="parentid">410731880742937462</property>
<property name="propertyid">-8815255455831122072</property>
<property name="datatype"></property>
<property name="typename">string</property>
<property name="rule">DRWPGX</property>
<property name="label">datawithdraw</property>
<property name="typeid">4</property>
<property name="choices">[Ljava.lang.String;@1bd47a1e</property>
</rule>
</studylevel>
<studylevel><property name="restrictionRule">DWFN</property>
<property name="numvalue">0.0</property>
<property name="orgid">0</property>
<property name="study">EMR62242-004</property>
<property name="restrictid">2943139566539013909</property>
<property name="studyid">-250964784920164086</property>
<property name="class">class com.emd.simbiom.model.Restriction</property>
<property name="propertyid">-6690595282354245665</property>
<property name="applyid">-4145309002242244711</property>
<property name="property">Yes</property>
<rule><property name="restrictid">2943139566539013909</property>
<property name="propertyname">YN</property>
<property name="restriction">Destruction Without Further Notice</property>
<property name="class">class com.emd.simbiom.model.RestrictionRule</property>
<property name="parentid">-9154768786849866307</property>
<property name="propertyid">4509118825498845635</property>
<property name="datatype"></property>
<property name="typename">string</property>
<property name="rule">DWFN</property>
<property name="label">YN</property>
<property name="typeid">4</property>
<property name="choices">[Ljava.lang.String;@4a547743</property>
</rule>
</studylevel>
<studylevel><property name="restrictionRule">SL</property>
<property name="numvalue">0.0</property>
<property name="orgid">0</property>
<property name="study">EMR62242-004</property>
<property name="restrictid">-4699055149320850552</property>
<property name="studyid">-250964784920164086</property>
<property name="class">class com.emd.simbiom.model.Restriction</property>
<property name="propertyid">3647870126620726788</property>
<property name="applyid">-3481567133179838660</property>
<property name="charvalue">Merck Serono</property>
<property name="property">storageloc</property>
<rule><property name="restrictid">-4699055149320850552</property>
<property name="propertyname">storageloc</property>
<property name="restriction">Storage Location</property>
<property name="class">class com.emd.simbiom.model.RestrictionRule</property>
<property name="parentid">0</property>
<property name="propertyid">3647870126620726788</property>
<property name="datatype"></property>
<property name="typename">string</property>
<property name="rule">SL</property>
<property name="label">storageloc</property>
<property name="typeid">4</property>
<property name="choices">[Ljava.lang.String;@5d11c403</property>
</rule>
</studylevel>
<studylevel><property name="restrictionRule">FRP</property>
<property name="numvalue">0.0</property>
<property name="orgid">0</property>
<property name="study">EMR62242-004</property>
<property name="restrictid">-5930056461698665371</property>
<property name="studyid">-250964784920164086</property>
<property name="class">class com.emd.simbiom.model.Restriction</property>
<property name="propertyid">1830940188288147557</property>
<property name="applyid">-3384879546083586095</property>
<property name="property">No</property>
<rule><property name="restrictid">-5930056461698665371</property>
<property name="propertyname">YN</property>
<property name="restriction">Future Research to be specified in a Future Research Plan </property>
<property name="class">class com.emd.simbiom.model.RestrictionRule</property>
<property name="parentid">-9154768786849866307</property>
<property name="propertyid">4509118825498845635</property>
<property name="datatype"></property>
<property name="typename">string</property>
<property name="rule">FRP</property>
<property name="label">YN</property>
<property name="typeid">4</property>
<property name="choices">[Ljava.lang.String;@12ac7044</property>
</rule>
</studylevel>
<studylevel><property name="restrictionRule">ASUO</property>
<property name="numvalue">0.0</property>
<property name="orgid">0</property>
<property name="study">EMR62242-004</property>
<property name="restrictid">-8722608883020702880</property>
<property name="studyid">-250964784920164086</property>
<property name="class">class com.emd.simbiom.model.Restriction</property>
<property name="propertyid">1830940188288147557</property>
<property name="applyid">-3277030052461611675</property>
<property name="property">No</property>
<rule><property name="restrictid">-8722608883020702880</property>
<property name="propertyname">YN</property>
<property name="restriction">Anonymised Sample Use Optional</property>
<property name="class">class com.emd.simbiom.model.RestrictionRule</property>
<property name="parentid">-9154768786849866307</property>
<property name="propertyid">4509118825498845635</property>
<property name="datatype"></property>
<property name="typename">string</property>
<property name="rule">ASUO</property>
<property name="label">YN</property>
<property name="typeid">4</property>
<property name="choices">[Ljava.lang.String;@2a90fc85</property>
</rule>
</studylevel>
<studylevel><property name="restrictionRule">FUNSPGX</property>
<property name="numvalue">0.0</property>
<property name="orgid">0</property>
<property name="study">EMR62242-004</property>
<property name="restrictid">-919217063530893445</property>
<property name="studyid">-250964784920164086</property>
<property name="class">class com.emd.simbiom.model.Restriction</property>
<property name="propertyid">1830940188288147557</property>
<property name="applyid">-2439072906391106472</property>
<property name="property">No</property>
<rule><property name="restrictid">-919217063530893445</property>
<property name="propertyname">YN</property>
<property name="restriction">Future Use of PGx sample Not Specified</property>
<property name="class">class com.emd.simbiom.model.RestrictionRule</property>
<property name="parentid">-9154768786849866307</property>
<property name="propertyid">4509118825498845635</property>
<property name="datatype"></property>
<property name="typename">string</property>
<property name="rule">FUNSPGX</property>
<property name="label">YN</property>
<property name="typeid">4</property>
<property name="choices">[Ljava.lang.String;@431778fb</property>
</rule>
</studylevel>
<studylevel><property name="restrictionRule">FUCDX</property>
<property name="numvalue">0.0</property>
<property name="orgid">0</property>
<property name="study">EMR62242-004</property>
<property name="restrictid">-1351394597031490760</property>
<property name="studyid">-250964784920164086</property>
<property name="class">class com.emd.simbiom.model.Restriction</property>
<property name="propertyid">-3207247312012844351</property>
<property name="applyid">-1778407526516449663</property>
<property name="property">Not specified</property>
<rule><property name="restrictid">-1351394597031490760</property>
<property name="propertyname">YNns</property>
<property name="restriction">Future Use in context of CDx allowed</property>
<property name="class">class com.emd.simbiom.model.RestrictionRule</property>
<property name="parentid">-8574324100387209416</property>
<property name="propertyid">6871065817298318844</property>
<property name="datatype"></property>
<property name="typename">string</property>
<property name="rule">FUCDX</property>
<property name="label">YNns</property>
<property name="typeid">4</property>
<property name="choices">[Ljava.lang.String;@10f59d46</property>
</rule>
</studylevel>
<studylevel><property name="restrictionRule">DRW</property>
<property name="numvalue">0.0</property>
<property name="orgid">0</property>
<property name="study">EMR62242-004</property>
<property name="restrictid">-5782182970191021847</property>
<property name="studyid">-250964784920164086</property>
<property name="class">class com.emd.simbiom.model.Restriction</property>
<property name="propertyid">2378411181957126577</property>
<property name="applyid">-1697985705865840211</property>
<property name="property">Use data</property>
<rule><property name="restrictid">-5782182970191021847</property>
<property name="propertyname">datawithdraw</property>
<property name="restriction">Data Retention after Withdrawal</property>
<property name="class">class com.emd.simbiom.model.RestrictionRule</property>
<property name="parentid">410731880742937462</property>
<property name="propertyid">-8815255455831122072</property>
<property name="datatype"></property>
<property name="typename">string</property>
<property name="rule">DRW</property>
<property name="label">datawithdraw</property>
<property name="typeid">4</property>
<property name="choices">[Ljava.lang.String;@61aaf14c</property>
</rule>
</studylevel>
<studylevel><property name="restrictionRule">SDPGX</property>
<property name="numvalue">0.0</property>
<property name="orgid">0</property>
<property name="study">EMR62242-004</property>
<property name="restrictid">-8854646394986887320</property>
<property name="studyid">-250964784920164086</property>
<property name="class">class com.emd.simbiom.model.Restriction</property>
<property name="propertyid">8240070721726698407</property>
<property name="applyid">-1447691095105847319</property>
<property name="property">12</property>
<rule><property name="restrictid">-8854646394986887320</property>
<property name="propertyname">pgxstorageduration</property>
<property name="restriction">Storage Duration of PGx samples</property>
<property name="class">class com.emd.simbiom.model.RestrictionRule</property>
<property name="parentid">3672998561060951482</property>
<property name="propertyid">7411461201980713270</property>
<property name="datatype"></property>
<property name="typename">number</property>
<property name="rule">SDPGX</property>
<property name="label">pgxstorageduration</property>
<property name="typeid">2</property>
<property name="choices">[Ljava.lang.String;@4c734d28</property>
</rule>
</studylevel>
<studylevel><property name="restrictionRule">FURAPGX</property>
<property name="numvalue">0.0</property>
<property name="orgid">0</property>
<property name="study">EMR62242-004</property>
<property name="restrictid">6632499030548216948</property>
<property name="studyid">-250964784920164086</property>
<property name="class">class com.emd.simbiom.model.Restriction</property>
<property name="propertyid">-6690595282354245665</property>
<property name="applyid">-1149918601615040823</property>
<property name="property">Yes</property>
<rule><property name="restrictid">6632499030548216948</property>
<property name="propertyname">YN</property>
<property name="restriction">Future Use allows PGx sample Re-Analysis</property>
<property name="class">class com.emd.simbiom.model.RestrictionRule</property>
<property name="parentid">-9154768786849866307</property>
<property name="propertyid">4509118825498845635</property>
<property name="datatype"></property>
<property name="typename">string</property>
<property name="rule">FURAPGX</property>
<property name="label">YN</property>
<property name="typeid">4</property>
<property name="choices">[Ljava.lang.String;@345b34fd</property>
</rule>
</studylevel>
<studylevel><property name="restrictionRule">SOPGX</property>
<property name="numvalue">0.0</property>
<property name="orgid">0</property>
<property name="study">EMR62242-004</property>
<property name="restrictid">7120838208777361624</property>
<property name="studyid">-250964784920164086</property>
<property name="class">class com.emd.simbiom.model.Restriction</property>
<property name="propertyid">-6690595282354245665</property>
<property name="applyid">508542723244081056</property>
<property name="property">Yes</property>
<rule><property name="restrictid">7120838208777361624</property>
<property name="propertyname">YN</property>
<property name="restriction">PGx Sample Optional</property>
<property name="class">class com.emd.simbiom.model.RestrictionRule</property>
<property name="parentid">-9154768786849866307</property>
<property name="propertyid">4509118825498845635</property>
<property name="datatype"></property>
<property name="typename">string</property>
<property name="rule">SOPGX</property>
<property name="label">YN</property>
<property name="typeid">4</property>
<property name="choices">[Ljava.lang.String;@878909d</property>
</rule>
</studylevel>
<studylevel><property name="restrictionRule">SRS-[Ti]</property>
<property name="numvalue">0.0</property>
<property name="orgid">0</property>
<property name="study">EMR62242-004</property>
<property name="restrictid">-5778406911252412475</property>
<property name="studyid">-250964784920164086</property>
<property name="class">class com.emd.simbiom.model.Restriction</property>
<property name="propertyid">-342457796936245264</property>
<property name="applyid">576828454378764995</property>
<property name="property">Storage period or consent withdrawal</property>
<rule><property name="restrictid">-5778406911252412475</property>
<property name="propertyname">srstime</property>
<property name="restriction">Sample Return to Site limited to Time</property>
<property name="class">class com.emd.simbiom.model.RestrictionRule</property>
<property name="parentid">7609105488050516866</property>
<property name="propertyid">7652744391589809807</property>
<property name="datatype"></property>
<property name="typename">string</property>
<property name="rule">SRS-[Ti]</property>
<property name="label">srstime</property>
<property name="typeid">4</property>
<property name="choices">[Ljava.lang.String;@3eee304f</property>
</rule>
</studylevel>
<studylevel><property name="restrictionRule">FRUC</property>
<property name="numvalue">0.0</property>
<property name="orgid">0</property>
<property name="study">EMR62242-004</property>
<property name="restrictid">3570166218963456671</property>
<property name="studyid">-250964784920164086</property>
<property name="class">class com.emd.simbiom.model.Restriction</property>
<property name="propertyid">1830940188288147557</property>
<property name="applyid">895427036960831218</property>
<property name="property">No</property>
<rule><property name="restrictid">3570166218963456671</property>
<property name="propertyname">YN</property>
<property name="restriction">Upfront Consent for unspecified Future Reaserch required</property>
<property name="class">class com.emd.simbiom.model.RestrictionRule</property>
<property name="parentid">-9154768786849866307</property>
<property name="propertyid">4509118825498845635</property>
<property name="datatype"></property>
<property name="typename">string</property>
<property name="rule">FRUC</property>
<property name="label">YN</property>
<property name="typeid">4</property>
<property name="choices">[Ljava.lang.String;@682220b7</property>
</rule>
</studylevel>
<studylevel><property name="restrictionRule">SRS</property>
<property name="numvalue">0.0</property>
<property name="orgid">0</property>
<property name="study">EMR62242-004</property>
<property name="restrictid">-632340901853529422</property>
<property name="studyid">-250964784920164086</property>
<property name="class">class com.emd.simbiom.model.Restriction</property>
<property name="propertyid">-6690595282354245665</property>
<property name="applyid">898634318412481261</property>
<property name="property">Yes</property>
<rule><property name="restrictid">-632340901853529422</property>
<property name="propertyname">YN</property>
<property name="restriction">Sample Return to Site</property>
<property name="class">class com.emd.simbiom.model.RestrictionRule</property>
<property name="parentid">-9154768786849866307</property>
<property name="propertyid">4509118825498845635</property>
<property name="datatype"></property>
<property name="typename">string</property>
<property name="rule">SRS</property>
<property name="label">YN</property>
<property name="typeid">4</property>
<property name="choices">[Ljava.lang.String;@5b31d92</property>
</rule>
</studylevel>
<studylevel><property name="restrictionRule">FU-[SD]</property>
<property name="numvalue">0.0</property>
<property name="orgid">0</property>
<property name="study">EMR62242-004</property>
<property name="restrictid">6874722796462510014</property>
<property name="studyid">-250964784920164086</property>
<property name="class">class com.emd.simbiom.model.Restriction</property>
<property name="propertyid">1571742144647990417</property>
<property name="applyid">1030424386487335299</property>
<property name="charvalue">Not specified</property>
<property name="property">studydrug</property>
<rule><property name="restrictid">6874722796462510014</property>
<property name="propertyname">studydrug</property>
<property name="restriction">Future Use limited to Study Drug</property>
<property name="class">class com.emd.simbiom.model.RestrictionRule</property>
<property name="parentid">0</property>
<property name="propertyid">1571742144647990417</property>
<property name="datatype"></property>
<property name="typename">string</property>
<property name="rule">FU-[SD]</property>
<property name="label">studydrug</property>
<property name="typeid">4</property>
<property name="choices">[Ljava.lang.String;@490389c1</property>
</rule>
</studylevel>
<studylevel><property name="restrictionRule">SLPGX</property>
<property name="numvalue">0.0</property>
<property name="orgid">0</property>
<property name="study">EMR62242-004</property>
<property name="restrictid">-3006477282154533557</property>
<property name="studyid">-250964784920164086</property>
<property name="class">class com.emd.simbiom.model.Restriction</property>
<property name="propertyid">1261081093170063757</property>
<property name="applyid">1045100651963229900</property>
<property name="charvalue">Merck KGaA biobank</property>
<property name="property">pgxstorageloc</property>
<rule><property name="restrictid">-3006477282154533557</property>
<property name="propertyname">pgxstorageloc</property>
<property name="restriction">Storage Location of PGx samples</property>
<property name="class">class com.emd.simbiom.model.RestrictionRule</property>
<property name="parentid">0</property>
<property name="propertyid">1261081093170063757</property>
<property name="datatype"></property>
<property name="typename">string</property>
<property name="rule">SLPGX</property>
<property name="label">pgxstorageloc</property>
<property name="typeid">4</property>
<property name="choices">[Ljava.lang.String;@620b4e6</property>
</rule>
</studylevel>
<studylevel><property name="restrictionRule">SO</property>
<property name="numvalue">0.0</property>
<property name="orgid">0</property>
<property name="study">EMR62242-004</property>
<property name="restrictid">871377457916395570</property>
<property name="studyid">-250964784920164086</property>
<property name="class">class com.emd.simbiom.model.Restriction</property>
<property name="propertyid">1830940188288147557</property>
<property name="applyid">1827464236194875737</property>
<property name="property">No</property>
<rule><property name="restrictid">871377457916395570</property>
<property name="propertyname">YN</property>
<property name="restriction">Sample Optional</property>
<property name="class">class com.emd.simbiom.model.RestrictionRule</property>
<property name="parentid">-9154768786849866307</property>
<property name="propertyid">4509118825498845635</property>
<property name="datatype"></property>
<property name="typename">string</property>
<property name="rule">SO</property>
<property name="label">YN</property>
<property name="typeid">4</property>
<property name="choices">[Ljava.lang.String;@7ffe1b0d</property>
</rule>
</studylevel>
<studylevel><property name="restrictionRule">FUNS</property>
<property name="numvalue">0.0</property>
<property name="orgid">0</property>
<property name="study">EMR62242-004</property>
<property name="restrictid">1226070718787722183</property>
<property name="studyid">-250964784920164086</property>
<property name="class">class com.emd.simbiom.model.Restriction</property>
<property name="propertyid">1830940188288147557</property>
<property name="applyid">1883030721041295564</property>
<property name="property">No</property>
<rule><property name="restrictid">1226070718787722183</property>
<property name="propertyname">YN</property>
<property name="restriction">Future Use Not Specified</property>
<property name="class">class com.emd.simbiom.model.RestrictionRule</property>
<property name="parentid">-9154768786849866307</property>
<property name="propertyid">4509118825498845635</property>
<property name="datatype"></property>
<property name="typename">string</property>
<property name="rule">FUNS</property>
<property name="label">YN</property>
<property name="typeid">4</property>
<property name="choices">[Ljava.lang.String;@62bcc6ed</property>
</rule>
</studylevel>
<studylevel><property name="restrictionRule">SFU-[SP]</property>
<property name="numvalue">0.0</property>
<property name="orgid">0</property>
<property name="study">EMR62242-004</property>
<property name="restrictid">-5005017278480666164</property>
<property name="studyid">-250964784920164086</property>
<property name="class">class com.emd.simbiom.model.Restriction</property>
<property name="propertyid">-2260095428361526136</property>
<property name="applyid">2037100028097598507</property>
<property name="charvalue">No</property>
<property name="property">sfusp</property>
<rule><property name="restrictid">-5005017278480666164</property>
<property name="propertyname">sfusp</property>
<property name="restriction">Storage and Future Use limited to Sample Purpose</property>
<property name="class">class com.emd.simbiom.model.RestrictionRule</property>
<property name="parentid">0</property>
<property name="propertyid">-2260095428361526136</property>
<property name="datatype"></property>
<property name="typename">string</property>
<property name="rule">SFU-[SP]</property>
<property name="label">sfusp</property>
<property name="typeid">4</property>
<property name="choices">[Ljava.lang.String;@372406fa</property>
</rule>
</studylevel>
<studylevel><property name="restrictionRule">FUO</property>
<property name="numvalue">0.0</property>
<property name="orgid">0</property>
<property name="study">EMR62242-004</property>
<property name="restrictid">-8530133124949380920</property>
<property name="studyid">-250964784920164086</property>
<property name="class">class com.emd.simbiom.model.Restriction</property>
<property name="propertyid">1830940188288147557</property>
<property name="applyid">2367922629535780046</property>
<property name="property">No</property>
<rule><property name="restrictid">-8530133124949380920</property>
<property name="propertyname">YN</property>
<property name="restriction">Future Use Optional</property>
<property name="class">class com.emd.simbiom.model.RestrictionRule</property>
<property name="parentid">-9154768786849866307</property>
<property name="propertyid">4509118825498845635</property>
<property name="datatype"></property>
<property name="typename">string</property>
<property name="rule">FUO</property>
<property name="label">YN</property>
<property name="typeid">4</property>
<property name="choices">[Ljava.lang.String;@3420137c</property>
</rule>
</studylevel>
<studylevel><property name="restrictionRule">FUCDXPGX</property>
<property name="numvalue">0.0</property>
<property name="orgid">0</property>
<property name="study">EMR62242-004</property>
<property name="restrictid">-4566296109349106931</property>
<property name="studyid">-250964784920164086</property>
<property name="class">class com.emd.simbiom.model.Restriction</property>
<property name="propertyid">-3207247312012844351</property>
<property name="applyid">2886927266194295966</property>
<property name="property">Not specified</property>
<rule><property name="restrictid">-4566296109349106931</property>
<property name="propertyname">YNns</property>
<property name="restriction">Future Use of PGx sample in context of CDx allowed</property>
<property name="class">class com.emd.simbiom.model.RestrictionRule</property>
<property name="parentid">-8574324100387209416</property>
<property name="propertyid">6871065817298318844</property>
<property name="datatype"></property>
<property name="typename">string</property>
<property name="rule">FUCDXPGX</property>
<property name="label">YNns</property>
<property name="typeid">4</property>
<property name="choices">[Ljava.lang.String;@3b894086</property>
</rule>
</studylevel>
<studylevel><property name="restrictionRule">FRA</property>
<property name="numvalue">0.0</property>
<property name="orgid">0</property>
<property name="study">EMR62242-004</property>
<property name="restrictid">6339669029221953699</property>
<property name="studyid">-250964784920164086</property>
<property name="class">class com.emd.simbiom.model.Restriction</property>
<property name="propertyid">1830940188288147557</property>
<property name="applyid">3403255819539545663</property>
<property name="property">No</property>
<rule><property name="restrictid">6339669029221953699</property>
<property name="propertyname">YN</property>
<property name="restriction">Future Research Approval Required</property>
<property name="class">class com.emd.simbiom.model.RestrictionRule</property>
<property name="parentid">-9154768786849866307</property>
<property name="propertyid">4509118825498845635</property>
<property name="datatype"></property>
<property name="typename">string</property>
<property name="rule">FRA</property>
<property name="label">YN</property>
<property name="typeid">4</property>
<property name="choices">[Ljava.lang.String;@3f8672b4</property>
</rule>
</studylevel>
<studylevel><property name="restrictionRule">FU-[D]PGX</property>
<property name="numvalue">0.0</property>
<property name="orgid">0</property>
<property name="study">EMR62242-004</property>
<property name="restrictid">-5176141536207259020</property>
<property name="studyid">-250964784920164086</property>
<property name="class">class com.emd.simbiom.model.Restriction</property>
<property name="propertyid">-6690595282354245665</property>
<property name="applyid">4162274263912852470</property>
<property name="property">Yes</property>
<rule><property name="restrictid">-5176141536207259020</property>
<property name="propertyname">YN</property>
<property name="restriction">Future Use of PGx sample limitted to Disease</property>
<property name="class">class com.emd.simbiom.model.RestrictionRule</property>
<property name="parentid">-9154768786849866307</property>
<property name="propertyid">4509118825498845635</property>
<property name="datatype"></property>
<property name="typename">string</property>
<property name="rule">FU-[D]PGX</property>
<property name="label">YN</property>
<property name="typeid">4</property>
<property name="choices">[Ljava.lang.String;@2802b068</property>
</rule>
</studylevel>
<studylevel><property name="restrictionRule">SDP</property>
<property name="numvalue">0.0</property>
<property name="orgid">0</property>
<property name="study">EMR62242-004</property>
<property name="restrictid">1687993683904995587</property>
<property name="studyid">-250964784920164086</property>
<property name="class">class com.emd.simbiom.model.Restriction</property>
<property name="propertyid">1830940188288147557</property>
<property name="applyid">4279406172694165252</property>
<property name="property">No</property>
<rule><property name="restrictid">1687993683904995587</property>
<property name="propertyname">YN</property>
<property name="restriction">Sample Destruction Plan</property>
<property name="class">class com.emd.simbiom.model.RestrictionRule</property>
<property name="parentid">-9154768786849866307</property>
<property name="propertyid">4509118825498845635</property>
<property name="datatype"></property>
<property name="typename">string</property>
<property name="rule">SDP</property>
<property name="label">YN</property>
<property name="typeid">4</property>
<property name="choices">[Ljava.lang.String;@1c8dede7</property>
</rule>
</studylevel>
<studylevel><property name="restrictionRule">APS</property>
<property name="numvalue">0.0</property>
<property name="orgid">0</property>
<property name="study">EMR62242-004</property>
<property name="restrictid">-8990193290210396723</property>
<property name="studyid">-250964784920164086</property>
<property name="class">class com.emd.simbiom.model.Restriction</property>
<property name="propertyid">5431375399718124636</property>
<property name="applyid">5014531740937513308</property>
<property name="charvalue">Not specified</property>
<property name="property">acsampleregulation</property>
<rule><property name="restrictid">-8990193290210396723</property>
<property name="propertyname">acsampleregulation</property>
<property name="restriction">Access by Personel to Samples</property>
<property name="class">class com.emd.simbiom.model.RestrictionRule</property>
<property name="parentid">0</property>
<property name="propertyid">5431375399718124636</property>
<property name="datatype"></property>
<property name="typename">string</property>
<property name="rule">APS</property>
<property name="label">acsampleregulation</property>
<property name="typeid">4</property>
<property name="choices">[Ljava.lang.String;@6df10380</property>
</rule>
</studylevel>
<studylevel><property name="restrictionRule">FR-[D]</property>
<property name="numvalue">0.0</property>
<property name="orgid">0</property>
<property name="study">EMR62242-004</property>
<property name="restrictid">872391777764852603</property>
<property name="studyid">-250964784920164086</property>
<property name="class">class com.emd.simbiom.model.Restriction</property>
<property name="propertyid">5192673449339925202</property>
<property name="applyid">5120794459669359690</property>
<property name="charvalue">Not specified</property>
<property name="property">durationlimitft</property>
<rule><property name="restrictid">872391777764852603</property>
<property name="propertyname">durationlimitft</property>
<property name="restriction">Limited Duration of Future Retest</property>
<property name="class">class com.emd.simbiom.model.RestrictionRule</property>
<property name="parentid">0</property>
<property name="propertyid">5192673449339925202</property>
<property name="datatype"></property>
<property name="typename">string</property>
<property name="rule">FR-[D]</property>
<property name="label">durationlimitft</property>
<property name="typeid">4</property>
<property name="choices">[Ljava.lang.String;@61eecf58</property>
</rule>
</studylevel>
<studylevel><property name="restrictionRule">SRS-[Ty]</property>
<property name="numvalue">0.0</property>
<property name="orgid">0</property>
<property name="study">EMR62242-004</property>
<property name="restrictid">-6099867109866115549</property>
<property name="studyid">-250964784920164086</property>
<property name="class">class com.emd.simbiom.model.Restriction</property>
<property name="propertyid">3878283029413422463</property>
<property name="applyid">6108096809160397579</property>
<property name="property">Tissue block</property>
<rule><property name="restrictid">-6099867109866115549</property>
<property name="propertyname">srstype</property>
<property name="restriction">Sample Return to Site limited to Type</property>
<property name="class">class com.emd.simbiom.model.RestrictionRule</property>
<property name="parentid">638212255046512481</property>
<property name="propertyid">-2895025291480947074</property>
<property name="datatype"></property>
<property name="typename">string</property>
<property name="rule">SRS-[Ty]</property>
<property name="label">srstype</property>
<property name="typeid">4</property>
<property name="choices">[Ljava.lang.String;@5cd2b2fd</property>
</rule>
</studylevel>
<studylevel><property name="restrictionRule">ASSD</property>
<property name="numvalue">0.0</property>
<property name="orgid">0</property>
<property name="study">EMR62242-004</property>
<property name="restrictid">6056285566252853194</property>
<property name="studyid">-250964784920164086</property>
<property name="class">class com.emd.simbiom.model.Restriction</property>
<property name="propertyid">5431375399718124636</property>
<property name="applyid">6557246798524205364</property>
<property name="charvalue">Not specified</property>
<property name="property">acsampleregulation</property>
<rule><property name="restrictid">6056285566252853194</property>
<property name="propertyname">acsampleregulation</property>
<property name="restriction">Access by Subject to Samples & Data</property>
<property name="class">class com.emd.simbiom.model.RestrictionRule</property>
<property name="parentid">0</property>
<property name="propertyid">5431375399718124636</property>
<property name="datatype"></property>
<property name="typename">string</property>
<property name="rule">ASSD</property>
<property name="label">acsampleregulation</property>
<property name="typeid">4</property>
<property name="choices">[Ljava.lang.String;@2fc39e55</property>
</rule>
</studylevel>
<studylevel><property name="restrictionRule">FRPAC</property>
<property name="numvalue">0.0</property>
<property name="orgid">0</property>
<property name="study">EMR62242-004</property>
<property name="restrictid">-8187538478740402001</property>
<property name="studyid">-250964784920164086</property>
<property name="class">class com.emd.simbiom.model.Restriction</property>
<property name="propertyid">1830940188288147557</property>
<property name="applyid">7088384607962904161</property>
<property name="property">No</property>
<rule><property name="restrictid">-8187538478740402001</property>
<property name="propertyname">YN</property>
<property name="restriction">Additional Consent required for Future Research Plan</property>
<property name="class">class com.emd.simbiom.model.RestrictionRule</property>
<property name="parentid">-9154768786849866307</property>
<property name="propertyid">4509118825498845635</property>
<property name="datatype"></property>
<property name="typename">string</property>
<property name="rule">FRPAC</property>
<property name="label">YN</property>
<property name="typeid">4</property>
<property name="choices">[Ljava.lang.String;@4acb752e</property>
</rule>
</studylevel>
<studylevel><property name="restrictionRule">FU-[OU]</property>
<property name="numvalue">0.0</property>
<property name="orgid">0</property>
<property name="study">EMR62242-004</property>
<property name="restrictid">-157048450067191566</property>
<property name="studyid">-250964784920164086</property>
<property name="class">class com.emd.simbiom.model.Restriction</property>
<property name="propertyid">-6337360338522909010</property>
<property name="applyid">8063463941087168759</property>
<property name="charvalue">No</property>
<property name="property">futureotheruse</property>
<rule><property name="restrictid">-157048450067191566</property>
<property name="propertyname">futureotheruse</property>
<property name="restriction">Future Use limited to Other Use</property>
<property name="class">class com.emd.simbiom.model.RestrictionRule</property>
<property name="parentid">0</property>
<property name="propertyid">-6337360338522909010</property>
<property name="datatype"></property>
<property name="typename">string</property>
<property name="rule">FU-[OU]</property>
<property name="label">futureotheruse</property>
<property name="typeid">4</property>
<property name="choices">[Ljava.lang.String;@5d48f720</property>
</rule>
</studylevel>
<studylevel><property name="restrictionRule">FU-[D]</property>
<property name="numvalue">0.0</property>
<property name="orgid">0</property>
<property name="study">EMR62242-004</property>
<property name="restrictid">-5226648057454536709</property>
<property name="studyid">-250964784920164086</property>
<property name="class">class com.emd.simbiom.model.Restriction</property>
<property name="propertyid">-2033174415829267215</property>
<property name="applyid">8298606029573051818</property>
<property name="charvalue">Yes</property>
<property name="property">studydisease</property>
<rule><property name="restrictid">-5226648057454536709</property>
<property name="propertyname">studydisease</property>
<property name="restriction">Future Use limited to Disease</property>
<property name="class">class com.emd.simbiom.model.RestrictionRule</property>
<property name="parentid">0</property>
<property name="propertyid">-2033174415829267215</property>
<property name="datatype"></property>
<property name="typename">string</property>
<property name="rule">FU-[D]</property>
<property name="label">studydisease</property>
<property name="typeid">4</property>
<property name="choices">[Ljava.lang.String;@1444f32e</property>
</rule>
</studylevel>
<studylevel><property name="restrictionRule">SDW</property>
<property name="numvalue">0.0</property>
<property name="orgid">0</property>
<property name="study">EMR62242-004</property>
<property name="restrictid">-5564814328418438368</property>
<property name="studyid">-250964784920164086</property>
<property name="class">class com.emd.simbiom.model.Restriction</property>
<property name="propertyid">-3982158446406220072</property>
<property name="applyid">8632684204849765930</property>
<property name="property">Blood</property>
<rule><property name="restrictid">-5564814328418438368</property>
<property name="propertyname">sampletype</property>
<property name="restriction">Sample type to be Destroyed after Withdrawal</property>
<property name="class">class com.emd.simbiom.model.RestrictionRule</property>
<property name="parentid">-4939787690818226832</property>
<property name="propertyid">5471742664636643155</property>
<property name="datatype"></property>
<property name="typename">string</property>
<property name="rule">SDW</property>
<property name="label">sampletype</property>
<property name="typeid">4</property>
<property name="choices">[Ljava.lang.String;@2746e6c5</property>
</rule>
</studylevel>
<studylevel><property name="restrictionRule">ASUD</property>
<property name="numvalue">0.0</property>
<property name="orgid">0</property>
<property name="study">EMR62242-004</property>
<property name="restrictid">6486559803630512781</property>
<property name="studyid">-250964784920164086</property>
<property name="class">class com.emd.simbiom.model.Restriction</property>
<property name="propertyid">-2429537827276794665</property>
<property name="applyid">9051936123580432807</property>
<property name="property">asuseduration</property>
<rule><property name="restrictid">6486559803630512781</property>
<property name="propertyname">asuseduration</property>
<property name="restriction">Anonymised Sample Use Duration</property>
<property name="class">class com.emd.simbiom.model.RestrictionRule</property>
<property name="parentid">0</property>
<property name="propertyid">-2429537827276794665</property>
<property name="datatype"></property>
<property name="typename">number</property>
<property name="rule">ASUD</property>
<property name="label">asuseduration</property>
<property name="typeid">2</property>
<property name="choices">[Ljava.lang.String;@36b59506</property>
</rule>
</studylevel>
</compliance>
<processing>
  <visit>
    <property name="trackid">6002576489333810292</property>
    <property name="timeid">-533864882510213217</property>
    <property name="treatid">5</property>
    <property name="step">0</property>
    <property name="processed">2011-08-26 00:00:00.0</property>
    <property name="class">class com.emd.simbiom.model.SampleProcess</property>
    <property name="sampleid">8dfbf950-5a08-46c7-bdd5-863ea08320f5</property>
    <property name="visit">SCREEN TISSUE A1/A2</property>
    <property name="item">processing</property>
  </visit>
</processing>
</sample-details>
